[0.008s] Invoking command in '/home/nhodung/Documents/ros2_learn/set_model_position/build/model_pos': CMAKE_PREFIX_PATH=/opt/ros/humble /usr/bin/cmake --build /home/nhodung/Documents/ros2_learn/set_model_position/build/model_pos -- -j12 -l12
[0.078s] [35m[1mConsolidate compiler generated dependencies of target set_state_node[0m
[0.094s] [ 50%] [32mBuilding CXX object CMakeFiles/set_state_node.dir/src/set_state_node.cpp.o[0m
[2.232s] [01m[K/home/nhodung/Documents/ros2_learn/set_model_position/src/model_pos/src/set_state_node.cpp:[m[K In constructor â€˜[01m[KSetStateClient::SetStateClient()[m[Kâ€™:
[2.232s] [01m[K/home/nhodung/Documents/ros2_learn/set_model_position/src/model_pos/src/set_state_node.cpp:21:59:[m[K [01;31m[Kerror: [m[Kinvalid use of non-static member function â€˜[01m[Kvoid SetStateClient::move_callback()[m[Kâ€™
[2.232s]    21 |         timer_ = this->create_wall_timer(100ms, std::bind([01;31m[Kmove_callback[m[K, this));
[2.232s]       |                                                           [01;31m[K^~~~~~~~~~~~~[m[K
[2.232s] [01m[K/home/nhodung/Documents/ros2_learn/set_model_position/src/model_pos/src/set_state_node.cpp:28:10:[m[K [01;36m[Knote: [m[Kdeclared here
[2.232s]    28 |     void [01;36m[Kmove_callback[m[K()
[2.232s]       |          [01;36m[K^~~~~~~~~~~~~[m[K
[2.710s] gmake[2]: *** [CMakeFiles/set_state_node.dir/build.make:76: CMakeFiles/set_state_node.dir/src/set_state_node.cpp.o] Error 1
[2.710s] gmake[1]: *** [CMakeFiles/Makefile2:137: CMakeFiles/set_state_node.dir/all] Error 2
[2.710s] gmake: *** [Makefile:146: all] Error 2
[2.711s] Invoked command in '/home/nhodung/Documents/ros2_learn/set_model_position/build/model_pos' returned '2': CMAKE_PREFIX_PATH=/opt/ros/humble /usr/bin/cmake --build /home/nhodung/Documents/ros2_learn/set_model_position/build/model_pos -- -j12 -l12
